<?xml version="1.0" encoding="UTF-8"?>
<testsuite xmlns:xsi="http://www.w3.org/2001/XMLSchema-instance" xsi:noNamespaceSchemaLocation="https://maven.apache.org/surefire/maven-surefire-plugin/xsd/surefire-test-report.xsd" version="3.0.2" name="org.example.wink_challenge.WinkChallengeApplicationTests" time="7.948" tests="1" errors="0" skipped="0" failures="0">
  <properties>
[...]
</properties>
  <testcase name="contextLoads" classname="org.example.wink_challenge.WinkChallengeApplicationTests" time="0.538">
    <system-out><![CDATA[11:53:31.529 [main] INFO org.springframework.test.context.support.AnnotationConfigContextLoaderUtils -- Could not detect default configuration classes for test class [org.example.wink_challenge.WinkChallengeApplicationTests]: WinkChallengeApplicationTests does not declare any static, non-private, non-final, nested classes annotated with @Configuration.
11:53:31.715 [main] INFO org.springframework.boot.test.context.SpringBootTestContextBootstrapper -- Found @SpringBootConfiguration org.example.wink_challenge.WinkChallengeApplication for test class org.example.wink_challenge.WinkChallengeApplicationTests

  .   ____          _            __ _ _
 /\\ / ___'_ __ _ _(_)_ __  __ _ \ \ \ \
( ( )\___ | '_ | '_| | '_ \/ _` | \ \ \ \
 \\/  ___)| |_)| | | | | || (_| |  ) ) ) )
  '  |____| .__|_| |_|_| |_\__, | / / / /
 =========|_|==============|___/=/_/_/_/

 :: Spring Boot ::                (v3.5.7)

2025-10-28T11:53:32.483+03:00  INFO 2196 --- [Wink_challenge] [           main] o.e.w.WinkChallengeApplicationTests      : Starting WinkChallengeApplicationTests using Java 21.0.8 with PID 2196 (started by sezem in C:\Users\sezem\IdeaProjects\Wink_challenge)
2025-10-28T11:53:32.485+03:00  INFO 2196 --- [Wink_challenge] [           main] o.e.w.WinkChallengeApplicationTests      : No active profile set, falling back to 1 default profile: "default"
2025-10-28T11:53:33.812+03:00  INFO 2196 --- [Wink_challenge] [           main] .s.d.r.c.RepositoryConfigurationDelegate : Bootstrapping Spring Data JPA repositories in DEFAULT mode.
2025-10-28T11:53:33.905+03:00  INFO 2196 --- [Wink_challenge] [           main] .s.d.r.c.RepositoryConfigurationDelegate : Finished Spring Data repository scanning in 78 ms. Found 1 JPA repository interface.
2025-10-28T11:53:34.664+03:00  INFO 2196 --- [Wink_challenge] [           main] o.hibernate.jpa.internal.util.LogHelper  : HHH000204: Processing PersistenceUnitInfo [name: default]
2025-10-28T11:53:34.767+03:00  INFO 2196 --- [Wink_challenge] [           main] org.hibernate.Version                    : HHH000412: Hibernate ORM core version 6.6.33.Final
2025-10-28T11:53:34.816+03:00  INFO 2196 --- [Wink_challenge] [           main] o.h.c.internal.RegionFactoryInitiator    : HHH000026: Second-level cache disabled
2025-10-28T11:53:35.380+03:00  INFO 2196 --- [Wink_challenge] [           main] o.s.o.j.p.SpringPersistenceUnitInfo      : No LoadTimeWeaver setup: ignoring JPA class transformer
2025-10-28T11:53:35.437+03:00  INFO 2196 --- [Wink_challenge] [           main] com.zaxxer.hikari.HikariDataSource       : HikariPool-1 - Starting...
2025-10-28T11:53:35.795+03:00  INFO 2196 --- [Wink_challenge] [           main] com.zaxxer.hikari.pool.HikariPool        : HikariPool-1 - Added connection org.postgresql.jdbc.PgConnection@625264ed
2025-10-28T11:53:35.796+03:00  INFO 2196 --- [Wink_challenge] [           main] com.zaxxer.hikari.HikariDataSource       : HikariPool-1 - Start completed.
2025-10-28T11:53:35.878+03:00  WARN 2196 --- [Wink_challenge] [           main] org.hibernate.orm.deprecation            : HHH90000025: PostgreSQLDialect does not need to be specified explicitly using 'hibernate.dialect' (remove the property setting and it will be selected by default)
2025-10-28T11:53:35.914+03:00  INFO 2196 --- [Wink_challenge] [           main] org.hibernate.orm.connections.pooling    : HHH10001005: Database info:
	Database JDBC URL [Connecting through datasource 'HikariDataSource (HikariPool-1)']
	Database driver: undefined/unknown
	Database version: 17.4
	Autocommit mode: undefined/unknown
	Isolation level: undefined/unknown
	Minimum pool size: undefined/unknown
	Maximum pool size: undefined/unknown
2025-10-28T11:53:37.210+03:00  INFO 2196 --- [Wink_challenge] [           main] o.h.e.t.j.p.i.JtaPlatformInitiator       : HHH000489: No JTA platform available (set 'hibernate.transaction.jta.platform' to enable JTA platform integration)
2025-10-28T11:53:37.346+03:00  INFO 2196 --- [Wink_challenge] [           main] j.LocalContainerEntityManagerFactoryBean : Initialized JPA EntityManagerFactory for persistence unit 'default'
2025-10-28T11:53:38.065+03:00  WARN 2196 --- [Wink_challenge] [           main] JpaBaseConfiguration$JpaWebConfiguration : spring.jpa.open-in-view is enabled by default. Therefore, database queries may be performed during view rendering. Explicitly configure spring.jpa.open-in-view to disable this warning
2025-10-28T11:53:38.693+03:00  INFO 2196 --- [Wink_challenge] [           main] o.e.w.WinkChallengeApplicationTests      : Started WinkChallengeApplicationTests in 6.753 seconds (process running for 8.621)
]]></system-out>
    <system-err><![CDATA[Mockito is currently self-attaching to enable the inline-mock-maker. This will no longer work in future releases of the JDK. Please add Mockito as an agent to your build as described in Mockito's documentation: https://javadoc.io/doc/org.mockito/mockito-core/latest/org.mockito/org/mockito/Mockito.html#0.3
WARNING: A Java agent has been loaded dynamically (C:\Users\sezem\.m2\repository\net\bytebuddy\byte-buddy-agent\1.17.8\byte-buddy-agent-1.17.8.jar)
WARNING: If a serviceability tool is in use, please run with -XX:+EnableDynamicAgentLoading to hide this warning
WARNING: If a serviceability tool is not in use, please run with -Djdk.instrument.traceUsage for more information
WARNING: Dynamic loading of agents will be disallowed by default in a future release
]]></system-err>
  </testcase>
</testsuite>